Arguments: 
  C:\Program Files\nodejs\node.exe C:\Users\3os Anos\AppData\Roaming\npm\node_modules\yarn\bin\yarn.js add -D eslint-plugin-react@latest eslint-config-standard-with-typescript@latest @typescript-eslint/eslint-plugin@^6.4.0 eslint@^8.0.1 eslint-plugin-import@^2.25.2 eslint-plugin-n@^15.0.0 || ^16.0.0  eslint-plugin-promise@^6.0.0 typescript@*

PATH: 
  C:\Users\3os Anos\AppData\Local\npm-cache\_npx\abe235584debfe0e\node_modules\.bin;C:\Users\3os Anos\3D Objects\Objetos3D\homeaway\homeaway\node_modules\.bin;C:\Users\3os Anos\3D Objects\Objetos3D\homeaway\node_modules\.bin;C:\Users\3os Anos\3D Objects\Objetos3D\node_modules\.bin;C:\Users\3os Anos\3D Objects\node_modules\.bin;C:\Users\3os Anos\node_modules\.bin;C:\Users\node_modules\.bin;C:\node_modules\.bin;C:\Program Files\nodejs\node_modules\npm\node_modules\@npmcli\run-script\lib\node-gyp-bin;C:\Users\3os Anos\3D Objects\Objetos3D\homeaway\homeaway\node_modules\.bin;C:\Users\3os Anos\3D Objects\Objetos3D\homeaway\homeaway\node_modules\.bin;C:\Users\3os Anos\3D Objects\Objetos3D\homeaway\node_modules\.bin;C:\Users\3os Anos\3D Objects\Objetos3D\node_modules\.bin;C:\Users\3os Anos\3D Objects\node_modules\.bin;C:\Users\3os Anos\node_modules\.bin;C:\Users\node_modules\.bin;C:\node_modules\.bin;C:\Program Files\nodejs\node_modules\npm\node_modules\@npmcli\run-script\lib\node-gyp-bin;C:\Program Files\Common Files\Oracle\Java\javapath;C:\Program Files (x86)\Embarcadero\Studio\20.0\bin;C:\Users\Public\Documents\Embarcadero\Studio\20.0\Bpl;C:\Program Files (x86)\Embarcadero\Studio\20.0\bin64;C:\Users\Public\Documents\Embarcadero\Studio\20.0\Bpl\Win64;C:\Program Files (x86)\Common Files\Oracle\Java\javapath;C:\Inprise\vbroker\bin;C:\WINDOWS\system32;C:\WINDOWS;C:\WINDOWS\System32\Wbem;C:\WINDOWS\System32\WindowsPowerShell\v1.0\;C:\WINDOWS\System32\OpenSSH\;C:\Program Files (x86)\\FastReport VCL Trial\Bin;C:\Program Files (x86)\\FastReport VCL Trial\Bin;C:\Program Files (x86)\\FastReport VCL Trial\Bin;C:\Program Files\dotnet\;C:\Program Files\nodejs\;C:\Users\3os Anos\AppData\Local\Microsoft\WindowsApps;C:\Users\3os Anos\AppData\Local\Programs\Microsoft VS Code\bin;C:\Users\3os Anos\AppData\Local\JetBrains\IntelliJ IDEA Community Edition 2022.2\bin;;C:\Users\3os Anos\AppData\Local\GitHubDesktop\bin;C:\Users\3os Anos\AppData\Local\Programs\Git\cmd;C:\Users\3os Anos\AppData\Roaming\npm

Yarn version: 
  1.22.19

Node version: 
  20.9.0

Platform: 
  win32 x64

Trace: 
  Error: EPERM: operation not permitted, unlink 'C:\Users\3os Anos\3D Objects\Objetos3D\homeaway\homeaway\node_modules\@esbuild\win32-x64\esbuild.exe'

npm manifest: 
  {
    "name": "homeaway",
    "private": true,
    "version": "0.0.0",
    "type": "module",
    "scripts": {
      "dev": "vite",
      "build": "tsc && vite build",
      "lint": "eslint . --ext ts,tsx --report-unused-disable-directives --max-warnings 0",
      "preview": "vite preview"
    },
    "dependencies": {
      "react": "^18.2.0",
      "react-dom": "^18.2.0"
    },
    "devDependencies": {
      "@rocketseat/eslint-config": "^2.1.0",
      "@types/react": "^18.2.15",
      "@types/react-dom": "^18.2.7",
      "@typescript-eslint/eslint-plugin": "^6.0.0",
      "@typescript-eslint/parser": "^6.0.0",
      "@vitejs/plugin-react": "^4.0.3",
      "eslint": "^8.52.0",
      "eslint-plugin-react-hooks": "^4.6.0",
      "eslint-plugin-react-refresh": "^0.4.3",
      "typescript": "^5.0.2",
      "vite": "^4.4.5"
    }
  }

yarn manifest: 
  No manifest

Lockfile: 
  No lockfile
